<?xml version="1.0" encoding="UTF-8"?>
<testsuite name="com.factory.PatternsFactorysApplicationTests" tests="1" skipped="0" failures="0" errors="0" timestamp="2022-01-31T15:28:08" hostname="NTBK-TECH1061" time="0.494">
  <properties/>
  <testcase name="contextLoads()" classname="com.factory.PatternsFactorysApplicationTests" time="0.494"/>
  <system-out><![CDATA[?[34m12:28:04.742?[m [Test worker] ?[32mINFO ?[m ?[35mo.s.b.t.c.SpringBootTestContextBootstrapper?[m - Neither @ContextConfiguration nor @ContextHierarchy found for test class [com.factory.PatternsFactorysApplicationTests], using SpringBootContextLoader
?[34m12:28:04.754?[m [Test worker] ?[32mINFO ?[m ?[35mo.s.t.c.s.AbstractContextLoader?[m - Could not detect default resource locations for test class [com.factory.PatternsFactorysApplicationTests]: no resource found for suffixes {-context.xml, Context.groovy}.
?[34m12:28:04.755?[m [Test worker] ?[32mINFO ?[m ?[35mo.s.t.c.s.AnnotationConfigContextLoaderUtils?[m - Could not detect default configuration classes for test class [com.factory.PatternsFactorysApplicationTests]: PatternsFactorysApplicationTests does not declare any static, non-private, non-final, nested classes annotated with @Configuration.
?[34m12:28:04.880?[m [Test worker] ?[32mINFO ?[m ?[35mo.s.b.t.c.SpringBootTestContextBootstrapper?[m - Found @SpringBootConfiguration com.factory.PatternsFactoryApplication for test class com.factory.PatternsFactorysApplicationTests
?[34m12:28:05.004?[m [Test worker] ?[32mINFO ?[m ?[35mo.s.b.t.c.SpringBootTestContextBootstrapper?[m - Loaded default TestExecutionListener class names from location [META-INF/spring.factories]: [org.springframework.boot.test.autoconfigure.restdocs.RestDocsTestExecutionListener, org.springframework.boot.test.autoconfigure.web.client.MockRestServiceServerResetTestExecutionListener, org.springframework.boot.test.autoconfigure.web.servlet.MockMvcPrintOnlyOnFailureTestExecutionListener, org.springframework.boot.test.autoconfigure.web.servlet.WebDriverTestExecutionListener, org.springframework.boot.test.autoconfigure.webservices.client.MockWebServiceServerTestExecutionListener, org.springframework.boot.test.mock.mockito.MockitoTestExecutionListener, org.springframework.boot.test.mock.mockito.ResetMocksTestExecutionListener, org.springframework.test.context.web.ServletTestExecutionListener, org.springframework.test.context.support.DirtiesContextBeforeModesTestExecutionListener, org.springframework.test.context.event.ApplicationEventsTestExecutionListener, org.springframework.test.context.support.DependencyInjectionTestExecutionListener, org.springframework.test.context.support.DirtiesContextTestExecutionListener, org.springframework.test.context.transaction.TransactionalTestExecutionListener, org.springframework.test.context.jdbc.SqlScriptsTestExecutionListener, org.springframework.test.context.event.EventPublishingTestExecutionListener]
?[34m12:28:05.023?[m [Test worker] ?[32mINFO ?[m ?[35mo.s.b.t.c.SpringBootTestContextBootstrapper?[m - Using TestExecutionListeners: [org.springframework.test.context.web.ServletTestExecutionListener@41477a6d, org.springframework.test.context.support.DirtiesContextBeforeModesTestExecutionListener@2bc12da, org.springframework.test.context.event.ApplicationEventsTestExecutionListener@3122b117, org.springframework.boot.test.mock.mockito.MockitoTestExecutionListener@534ca02b, org.springframework.boot.test.autoconfigure.SpringBootDependencyInjectionTestExecutionListener@29a23c3d, org.springframework.test.context.support.DirtiesContextTestExecutionListener@4b6ac111, org.springframework.test.context.transaction.TransactionalTestExecutionListener@6fe46b62, org.springframework.test.context.jdbc.SqlScriptsTestExecutionListener@591fd34d, org.springframework.test.context.event.EventPublishingTestExecutionListener@61e45f87, org.springframework.boot.test.autoconfigure.restdocs.RestDocsTestExecutionListener@7c9b78e3, org.springframework.boot.test.autoconfigure.web.client.MockRestServiceServerResetTestExecutionListener@3068b369, org.springframework.boot.test.autoconfigure.web.servlet.MockMvcPrintOnlyOnFailureTestExecutionListener@17ca8b92, org.springframework.boot.test.autoconfigure.web.servlet.WebDriverTestExecutionListener@5491f68b, org.springframework.boot.test.autoconfigure.webservices.client.MockWebServiceServerTestExecutionListener@736ac09a, org.springframework.boot.test.mock.mockito.ResetMocksTestExecutionListener@6ecd665]
2022-01-31 12:28:05,343 Test worker INFO Log4j appears to be running in a Servlet environment, but there's no log4j-web module available. If you want better web container support, please add the log4j-web JAR to your web archive or server lib directory.

  .   ____          _            __ _ _
 /\\ / ___'_ __ _ _(_)_ __  __ _ \ \ \ \
( ( )\___ | '_ | '_| | '_ \/ _` | \ \ \ \
 \\/  ___)| |_)| | | | | || (_| |  ) ) ) )
  '  |____| .__|_| |_|_| |_\__, | / / / /
 =========|_|==============|___/=/_/_/_/
 :: Spring Boot ::                (v2.6.3)

?[34m12:28:05.404?[m [background-preinit] ?[32mINFO ?[m ?[35mo.h.v.i.u.Version?[m - HV000001: Hibernate Validator 6.2.0.Final
?[34m12:28:05.433?[m [Test worker] ?[32mINFO ?[m ?[35mc.f.PatternsFactorysApplicationTests?[m - Starting PatternsFactorysApplicationTests using Java 11.0.13 on NTBK-TECH1061 with PID 44246 (started by jufernandez in /home/jufernandez/Documents/CoderHouse/Backend/DesafioMejorandoArquitectura)
?[34m12:28:05.436?[m [Test worker] ?[36mDEBUG?[m ?[35mc.f.PatternsFactorysApplicationTests?[m - Running with Spring Boot v2.6.3, Spring v5.3.15
?[34m12:28:05.437?[m [Test worker] ?[32mINFO ?[m ?[35mc.f.PatternsFactorysApplicationTests?[m - No active profile set, falling back to default profiles: default
?[34m12:28:06.228?[m [Test worker] ?[32mINFO ?[m ?[35mo.s.d.r.c.RepositoryConfigurationDelegate?[m - Bootstrapping Spring Data MongoDB repositories in DEFAULT mode.
?[34m12:28:06.298?[m [Test worker] ?[32mINFO ?[m ?[35mo.s.d.r.c.RepositoryConfigurationDelegate?[m - Finished Spring Data repository scanning in 64 ms. Found 1 MongoDB repository interfaces.
?[34m12:28:06.771?[m [Test worker] ?[32mINFO ?[m ?[35mo.m.d.cluster?[m - Cluster created with settings {hosts=[localhost:27017], mode=SINGLE, requiredClusterType=UNKNOWN, serverSelectionTimeout='30000 ms'}
?[34m12:28:06.854?[m [cluster-rtt-ClusterId{value='61f80006506868672e220b60', description='null'}-localhost:27017] ?[32mINFO ?[m ?[35mo.m.d.connection?[m - Opened connection [connectionId{localValue:2, serverValue:2}] to localhost:27017
?[34m12:28:06.854?[m [cluster-ClusterId{value='61f80006506868672e220b60', description='null'}-localhost:27017] ?[32mINFO ?[m ?[35mo.m.d.connection?[m - Opened connection [connectionId{localValue:1, serverValue:1}] to localhost:27017
?[34m12:28:06.855?[m [cluster-ClusterId{value='61f80006506868672e220b60', description='null'}-localhost:27017] ?[32mINFO ?[m ?[35mo.m.d.cluster?[m - Monitor thread successfully connected to server with description ServerDescription{address=localhost:27017, type=STANDALONE, state=CONNECTED, ok=true, minWireVersion=0, maxWireVersion=9, maxDocumentSize=16777216, logicalSessionTimeoutMinutes=30, roundTripTimeNanos=25088084}
?[34m12:28:08.138?[m [Test worker] ?[32mINFO ?[m ?[35mc.f.PatternsFactorysApplicationTests?[m - Started PatternsFactorysApplicationTests in 3.066 seconds (JVM running for 4.76)
]]></system-out>
  <system-err><![CDATA[]]></system-err>
</testsuite>
